2026-04-19 00:35:06,851 [INFO] Activator:176 - 


2026-04-19 00:35:06,852 [INFO] Activator:177 - !SESSION log4j initialized
2026-04-19 00:35:08,488 [INFO] LogOutputStream:77 - [STDOUT_REDIRECT] 
2026-04-19 00:35:08,935 [INFO] LogOutputStream:77 - [STDOUT_REDIRECT] Start the detection of the machine's architecture
2026-04-19 00:35:08,940 [INFO] LogOutputStream:77 - [STDOUT_REDIRECT] use arm architecture
2026-04-19 00:35:08,940 [INFO] LogOutputStream:77 - [STDOUT_REDIRECT] Architecture: Apple Silicon (ARM64)
2026-04-19 00:35:14,828 [ERROR] LogOutputStream:75 - [STDERR_REDIRECT] 
2026-04-19 03:03:40,363 [INFO] Activator:176 - 


2026-04-19 03:03:40,365 [INFO] Activator:177 - !SESSION log4j initialized
2026-04-19 03:03:42,026 [INFO] LogOutputStream:77 - [STDOUT_REDIRECT] 
2026-04-19 03:03:42,166 [INFO] LogOutputStream:77 - [STDOUT_REDIRECT] Start the detection of the machine's architecture
2026-04-19 03:03:42,175 [INFO] LogOutputStream:77 - [STDOUT_REDIRECT] use arm architecture
2026-04-19 03:03:42,175 [INFO] LogOutputStream:77 - [STDOUT_REDIRECT] Architecture: Apple Silicon (ARM64)
2026-04-19 03:04:28,582 [ERROR] LogOutputStream:75 - [STDERR_REDIRECT] 
2026-04-19 18:03:23,797 [INFO] Activator:176 - 


2026-04-19 18:03:23,799 [INFO] Activator:177 - !SESSION log4j initialized
2026-04-19 18:03:25,972 [INFO] LogOutputStream:77 - [STDOUT_REDIRECT] 
2026-04-19 18:03:26,091 [INFO] LogOutputStream:77 - [STDOUT_REDIRECT] Start the detection of the machine's architecture
2026-04-19 18:03:26,098 [INFO] LogOutputStream:77 - [STDOUT_REDIRECT] use arm architecture
2026-04-19 18:03:26,098 [INFO] LogOutputStream:77 - [STDOUT_REDIRECT] Architecture: Apple Silicon (ARM64)
